<?xml version="1.0" encoding="UTF-8" ?>
<testsuite tests="3" failures="0" name="no.kristiania.http.ClientHttpTest" time="0.806" errors="0" skipped="0">
  <properties>
    <property name="idea.version" value="2022.2.2"/>
    <property name="java.runtime.name" value="OpenJDK Runtime Environment"/>
    <property name="java.vm.version" value="17.0.4.1+1-LTS"/>
    <property name="sun.boot.library.path" value="C:\Users\fredr\.jdks\azul-17.0.4.1\bin"/>
    <property name="maven.multiModuleProjectDirectory" value="C:\Users\fredr\OneDrive\HK Programmering 2021 - 2024\Høst 2022\PG4200 - Backendprogrammering\PGR209-Backendprogrammering"/>
    <property name="java.vm.vendor" value="Azul Systems, Inc."/>
    <property name="java.vendor.url" value="http://www.azul.com/"/>
    <property name="guice.disable.misplaced.annotation.check" value="true"/>
    <property name="path.separator" value=";"/>
    <property name="java.vm.name" value="OpenJDK 64-Bit Server VM"/>
    <property name="sun.os.patch.level" value=""/>
    <property name="user.script" value=""/>
    <property name="user.country" value="GB"/>
    <property name="sun.java.launcher" value="SUN_STANDARD"/>
    <property name="java.vm.specification.name" value="Java Virtual Machine Specification"/>
    <property name="user.dir" value="C:\Users\fredr\OneDrive\HK Programmering 2021 - 2024\Høst 2022\PG4200 - Backendprogrammering\PGR209-Backendprogrammering"/>
    <property name="java.vm.compressedOopsMode" value="32-bit"/>
    <property name="java.runtime.version" value="17.0.4.1+1-LTS"/>
    <property name="os.arch" value="amd64"/>
    <property name="java.io.tmpdir" value="C:\Users\fredr\AppData\Local\Temp\"/>
    <property name="line.separator" value="
"/>
    <property name="java.vm.specification.vendor" value="Oracle Corporation"/>
    <property name="user.variant" value=""/>
    <property name="os.name" value="Windows 11"/>
    <property name="maven.ext.class.path" value="C:\Users\fredr\AppData\Local\JetBrains\Toolbox\apps\IDEA-U\ch-0\222.4167.29\plugins\maven\lib\maven-event-listener.jar"/>
    <property name="classworlds.conf" value="C:\Users\fredr\AppData\Local\JetBrains\Toolbox\apps\IDEA-U\ch-0\222.4167.29\plugins\maven\lib\maven3\bin\m2.conf"/>
    <property name="sun.jnu.encoding" value="Cp1252"/>
    <property name="java.library.path" value="C:\Users\fredr\.jdks\azul-17.0.4.1\bin;C:\WINDOWS\Sun\Java\bin;C:\WINDOWS\system32;C:\WINDOWS;C:\Program Files (x86)\Common Files\Oracle\Java\javapath;C:\Program Files (x86)\Intel\Intel(R) Management Engine Components\iCLS\;C:\Program Files\Intel\Intel(R) Management Engine Components\iCLS\;C:\WINDOWS\system32;C:\WINDOWS;C:\WINDOWS\System32\Wbem;C:\WINDOWS\System32\WindowsPowerShell\v1.0\;C:\WINDOWS\System32\OpenSSH\;C:\Program Files (x86)\Intel\Intel(R) Management Engine Components\DAL;C:\Program Files\Intel\Intel(R) Management Engine Components\DAL;C:\Program Files (x86)\Intel\Intel(R) Management Engine Components\IPT;C:\Program Files\Intel\Intel(R) Management Engine Components\IPT;C:\Program Files\Intel\WiFi\bin\;C:\Program Files\Common Files\Intel\WirelessCommon\;C:\Program Files\Git\cmd;C:\Program Files\dotnet\;C:\Program Files\nodejs\;C:\Users\fredr\AppData\Local\Microsoft\WindowsApps;C:\Users\fredr\AppData\Local\Programs\Microsoft VS Code\bin;C:\Program Files (x86)\Nmap;C:\Users\fredr\AppData\Local\GitHubDesktop\bin;C:\Users\fredr\.dotnet\tools;C:\Users\fredr\AppData\Local\JetBrains\Toolbox\scripts;C:\Users\fredr\AppData\Roaming\npm;."/>
    <property name="maven.conf" value="C:\Users\fredr\AppData\Local\JetBrains\Toolbox\apps\IDEA-U\ch-0\222.4167.29\plugins\maven\lib\maven3/conf"/>
    <property name="jdk.debug" value="release"/>
    <property name="java.class.version" value="61.0"/>
    <property name="java.specification.name" value="Java Platform API Specification"/>
    <property name="sun.management.compiler" value="HotSpot 64-Bit Tiered Compilers"/>
    <property name="os.version" value="10.0"/>
    <property name="user.home" value="C:\Users\fredr"/>
    <property name="user.timezone" value="Europe/Oslo"/>
    <property name="file.encoding" value="UTF-8"/>
    <property name="java.specification.version" value="17"/>
    <property name="user.name" value="fredr"/>
    <property name="java.class.path" value="C:\Users\fredr\AppData\Local\JetBrains\Toolbox\apps\IDEA-U\ch-0\222.4167.29\plugins\maven\lib\maven3\boot\plexus-classworlds-2.6.0.jar;C:\Users\fredr\AppData\Local\JetBrains\Toolbox\apps\IDEA-U\ch-0\222.4167.29\plugins\maven\lib\maven3\boot\plexus-classworlds.license"/>
    <property name="java.vm.specification.version" value="17"/>
    <property name="sun.arch.data.model" value="64"/>
    <property name="sun.java.command" value="org.codehaus.classworlds.Launcher -Didea.version=2022.2.2 test"/>
    <property name="java.home" value="C:\Users\fredr\.jdks\azul-17.0.4.1"/>
    <property name="user.language" value="en"/>
    <property name="java.specification.vendor" value="Oracle Corporation"/>
    <property name="java.vm.info" value="mixed mode, sharing"/>
    <property name="java.version" value="17.0.4.1"/>
    <property name="native.encoding" value="Cp1252"/>
    <property name="java.vendor" value="Azul Systems, Inc."/>
    <property name="maven.home" value="C:\Users\fredr\AppData\Local\JetBrains\Toolbox\apps\IDEA-U\ch-0\222.4167.29\plugins\maven\lib\maven3"/>
    <property name="file.separator" value="\"/>
    <property name="java.version.date" value="2022-08-12"/>
    <property name="java.vendor.url.bug" value="http://www.azul.com/support/"/>
    <property name="sun.io.unicode.encoding" value="UnicodeLittle"/>
    <property name="sun.cpu.endian" value="little"/>
    <property name="java.vendor.version" value="Zulu17.36+17-CA"/>
    <property name="sun.cpu.isalist" value="amd64"/>
  </properties>
  <testcase classname="no.kristiania.http.ClientHttpTest" name="ShouldNotReadStatusCode" time="0.286"/>
  <testcase classname="no.kristiania.http.ClientHttpTest" name="ShouldReadGetHeader" time="0.308"/>
  <testcase classname="no.kristiania.http.ClientHttpTest" name="ShouldReadStatusCode" time="0.212"/>
</testsuite>