<?xml version="1.0" encoding="UTF-8"?>
<!-- Generated by org.testng.reporters.JUnitReportReporter -->
<testsuite hostname="Small-Pc" failures="0" tests="3" name="no.kristiania.http.ClientHttpTest" time="0.834" errors="0" timestamp="2022-09-22T10:13:58 CEST" skipped="0">
  <testcase classname="no.kristiania.http.ClientHttpTest" name="ShouldReadGetHeader" time="0.205"/>
  <system-out/>
  <testcase classname="no.kristiania.http.ClientHttpTest" name="ShouldNotReadStatusCode" time="0.432"/>
  <system-out/>
  <testcase classname="no.kristiania.http.ClientHttpTest" name="ShouldReadStatusCode" time="0.197"/>
  <system-out/>
</testsuite> <!-- no.kristiania.http.ClientHttpTest -->
